<?xml version="1.0" encoding="UTF-8"?>
<testng-results ignored="2" total="14" passed="12" failed="0" skipped="0">
  <reporter-output>
  </reporter-output>
  <suite started-at="2023-04-25T00:26:16 IST" name="Suite" finished-at="2023-04-25T00:31:23 IST" duration-ms="307236">
    <groups>
    </groups>
    <test started-at="2023-04-25T00:26:16 IST" name="Test" finished-at="2023-04-25T00:31:23 IST" duration-ms="307236">
      <class name="Test_Package.Test_case_BrokenLinks">
        <test-method signature="Test_href_Number_check(java.lang.String,java.lang.String,java.lang.String)[pri:3, instance:Test_Package.Test_case_BrokenLinks@4b45a2f5]" started-at="2023-04-25T00:26:17 IST" name="Test_href_Number_check" description="To test the correct Image links Number" data-provider="Links" finished-at="2023-04-25T00:26:29 IST" duration-ms="12845" status="PASS">
          <params>
            <param index="0">
              <value>
                <![CDATA[Home_Page]]>
              </value>
            </param>
            <param index="1">
              <value>
                <![CDATA[https://magicminds.io/]]>
              </value>
            </param>
            <param index="2">
              <value>
                <![CDATA[Chrome]]>
              </value>
            </param>
          </params>
          <reporter-output>
          </reporter-output>
        </test-method> <!-- Test_href_Number_check -->
        <test-method is-config="true" signature="teardown()[pri:0, instance:Test_Package.Test_case_BrokenLinks@4b45a2f5]" started-at="2023-04-25T00:26:29 IST" name="teardown" finished-at="2023-04-25T00:26:30 IST" duration-ms="147" status="PASS">
          <reporter-output>
          </reporter-output>
        </test-method> <!-- teardown -->
        <test-method signature="Test_href_Number_check(java.lang.String,java.lang.String,java.lang.String)[pri:3, instance:Test_Package.Test_case_BrokenLinks@4b45a2f5]" started-at="2023-04-25T00:26:30 IST" name="Test_href_Number_check" description="To test the correct Image links Number" data-provider="Links" finished-at="2023-04-25T00:26:38 IST" duration-ms="7978" status="PASS">
          <params>
            <param index="0">
              <value>
                <![CDATA[About_Page]]>
              </value>
            </param>
            <param index="1">
              <value>
                <![CDATA[https://magicminds.io/about-mmt/]]>
              </value>
            </param>
            <param index="2">
              <value>
                <![CDATA[Chrome]]>
              </value>
            </param>
          </params>
          <reporter-output>
          </reporter-output>
        </test-method> <!-- Test_href_Number_check -->
        <test-method is-config="true" signature="teardown()[pri:0, instance:Test_Package.Test_case_BrokenLinks@4b45a2f5]" started-at="2023-04-25T00:26:38 IST" name="teardown" finished-at="2023-04-25T00:26:38 IST" duration-ms="168" status="PASS">
          <reporter-output>
          </reporter-output>
        </test-method> <!-- teardown -->
        <test-method signature="Test_href_Number_check(java.lang.String,java.lang.String,java.lang.String)[pri:3, instance:Test_Package.Test_case_BrokenLinks@4b45a2f5]" started-at="2023-04-25T00:26:38 IST" name="Test_href_Number_check" description="To test the correct Image links Number" data-provider="Links" finished-at="2023-04-25T00:26:45 IST" duration-ms="7408" status="PASS">
          <params>
            <param index="0">
              <value>
                <![CDATA[Offshore_Page]]>
              </value>
            </param>
            <param index="1">
              <value>
                <![CDATA[https://magicminds.io/offshore-delivery/]]>
              </value>
            </param>
            <param index="2">
              <value>
                <![CDATA[Chrome]]>
              </value>
            </param>
          </params>
          <reporter-output>
          </reporter-output>
        </test-method> <!-- Test_href_Number_check -->
        <test-method is-config="true" signature="teardown()[pri:0, instance:Test_Package.Test_case_BrokenLinks@4b45a2f5]" started-at="2023-04-25T00:26:45 IST" name="teardown" finished-at="2023-04-25T00:26:45 IST" duration-ms="175" status="PASS">
          <reporter-output>
          </reporter-output>
        </test-method> <!-- teardown -->
        <test-method signature="Test_href_Number_check(java.lang.String,java.lang.String,java.lang.String)[pri:3, instance:Test_Package.Test_case_BrokenLinks@4b45a2f5]" started-at="2023-04-25T00:26:45 IST" name="Test_href_Number_check" description="To test the correct Image links Number" data-provider="Links" finished-at="2023-04-25T00:26:52 IST" duration-ms="6293" status="PASS">
          <params>
            <param index="0">
              <value>
                <![CDATA[SoftwareDevelopment_Page]]>
              </value>
            </param>
            <param index="1">
              <value>
                <![CDATA[https://magicminds.io/software-development/]]>
              </value>
            </param>
            <param index="2">
              <value>
                <![CDATA[Chrome]]>
              </value>
            </param>
          </params>
          <reporter-output>
          </reporter-output>
        </test-method> <!-- Test_href_Number_check -->
        <test-method is-config="true" signature="teardown()[pri:0, instance:Test_Package.Test_case_BrokenLinks@4b45a2f5]" started-at="2023-04-25T00:26:52 IST" name="teardown" finished-at="2023-04-25T00:26:52 IST" duration-ms="145" status="PASS">
          <reporter-output>
          </reporter-output>
        </test-method> <!-- teardown -->
        <test-method signature="Test_href_Number_check(java.lang.String,java.lang.String,java.lang.String)[pri:3, instance:Test_Package.Test_case_BrokenLinks@4b45a2f5]" started-at="2023-04-25T00:26:52 IST" name="Test_href_Number_check" description="To test the correct Image links Number" data-provider="Links" finished-at="2023-04-25T00:26:59 IST" duration-ms="7291" status="PASS">
          <params>
            <param index="0">
              <value>
                <![CDATA[StaffAugmentation_Page]]>
              </value>
            </param>
            <param index="1">
              <value>
                <![CDATA[https://magicminds.io/staff-augmentation/]]>
              </value>
            </param>
            <param index="2">
              <value>
                <![CDATA[Chrome]]>
              </value>
            </param>
          </params>
          <reporter-output>
          </reporter-output>
        </test-method> <!-- Test_href_Number_check -->
        <test-method is-config="true" signature="teardown()[pri:0, instance:Test_Package.Test_case_BrokenLinks@4b45a2f5]" started-at="2023-04-25T00:26:59 IST" name="teardown" finished-at="2023-04-25T00:26:59 IST" duration-ms="182" status="PASS">
          <reporter-output>
          </reporter-output>
        </test-method> <!-- teardown -->
        <test-method signature="Test_href_Number_check(java.lang.String,java.lang.String,java.lang.String)[pri:3, instance:Test_Package.Test_case_BrokenLinks@4b45a2f5]" started-at="2023-04-25T00:26:59 IST" name="Test_href_Number_check" description="To test the correct Image links Number" data-provider="Links" finished-at="2023-04-25T00:27:05 IST" duration-ms="6252" status="PASS">
          <params>
            <param index="0">
              <value>
                <![CDATA[Contact_Page]]>
              </value>
            </param>
            <param index="1">
              <value>
                <![CDATA[https://magicminds.io/contact/]]>
              </value>
            </param>
            <param index="2">
              <value>
                <![CDATA[Chrome]]>
              </value>
            </param>
          </params>
          <reporter-output>
          </reporter-output>
        </test-method> <!-- Test_href_Number_check -->
        <test-method is-config="true" signature="teardown()[pri:0, instance:Test_Package.Test_case_BrokenLinks@4b45a2f5]" started-at="2023-04-25T00:27:05 IST" name="teardown" finished-at="2023-04-25T00:27:06 IST" duration-ms="108" status="PASS">
          <reporter-output>
          </reporter-output>
        </test-method> <!-- teardown -->
        <test-method signature="Test_link_Responce_check(java.lang.String,java.lang.String,java.lang.String)[pri:4, instance:Test_Package.Test_case_BrokenLinks@4b45a2f5]" started-at="2023-04-25T00:27:06 IST" name="Test_link_Responce_check" description="To test the correct links Number" data-provider="Links" finished-at="2023-04-25T00:28:25 IST" duration-ms="79092" status="PASS">
          <params>
            <param index="0">
              <value>
                <![CDATA[Home_Page]]>
              </value>
            </param>
            <param index="1">
              <value>
                <![CDATA[https://magicminds.io/]]>
              </value>
            </param>
            <param index="2">
              <value>
                <![CDATA[Chrome]]>
              </value>
            </param>
          </params>
          <reporter-output>
          </reporter-output>
        </test-method> <!-- Test_link_Responce_check -->
        <test-method is-config="true" signature="teardown()[pri:0, instance:Test_Package.Test_case_BrokenLinks@4b45a2f5]" started-at="2023-04-25T00:28:25 IST" name="teardown" finished-at="2023-04-25T00:28:25 IST" duration-ms="172" status="PASS">
          <reporter-output>
          </reporter-output>
        </test-method> <!-- teardown -->
        <test-method signature="Test_link_Responce_check(java.lang.String,java.lang.String,java.lang.String)[pri:4, instance:Test_Package.Test_case_BrokenLinks@4b45a2f5]" started-at="2023-04-25T00:28:25 IST" name="Test_link_Responce_check" description="To test the correct links Number" data-provider="Links" finished-at="2023-04-25T00:28:57 IST" duration-ms="32080" status="PASS">
          <params>
            <param index="0">
              <value>
                <![CDATA[About_Page]]>
              </value>
            </param>
            <param index="1">
              <value>
                <![CDATA[https://magicminds.io/about-mmt/]]>
              </value>
            </param>
            <param index="2">
              <value>
                <![CDATA[Chrome]]>
              </value>
            </param>
          </params>
          <reporter-output>
          </reporter-output>
        </test-method> <!-- Test_link_Responce_check -->
        <test-method is-config="true" signature="teardown()[pri:0, instance:Test_Package.Test_case_BrokenLinks@4b45a2f5]" started-at="2023-04-25T00:28:57 IST" name="teardown" finished-at="2023-04-25T00:28:57 IST" duration-ms="103" status="PASS">
          <reporter-output>
          </reporter-output>
        </test-method> <!-- teardown -->
        <test-method signature="Test_link_Responce_check(java.lang.String,java.lang.String,java.lang.String)[pri:4, instance:Test_Package.Test_case_BrokenLinks@4b45a2f5]" started-at="2023-04-25T00:28:57 IST" name="Test_link_Responce_check" description="To test the correct links Number" data-provider="Links" finished-at="2023-04-25T00:29:39 IST" duration-ms="41656" status="PASS">
          <params>
            <param index="0">
              <value>
                <![CDATA[Offshore_Page]]>
              </value>
            </param>
            <param index="1">
              <value>
                <![CDATA[https://magicminds.io/offshore-delivery/]]>
              </value>
            </param>
            <param index="2">
              <value>
                <![CDATA[Chrome]]>
              </value>
            </param>
          </params>
          <reporter-output>
          </reporter-output>
        </test-method> <!-- Test_link_Responce_check -->
        <test-method is-config="true" signature="teardown()[pri:0, instance:Test_Package.Test_case_BrokenLinks@4b45a2f5]" started-at="2023-04-25T00:29:39 IST" name="teardown" finished-at="2023-04-25T00:29:39 IST" duration-ms="201" status="PASS">
          <reporter-output>
          </reporter-output>
        </test-method> <!-- teardown -->
        <test-method signature="Test_link_Responce_check(java.lang.String,java.lang.String,java.lang.String)[pri:4, instance:Test_Package.Test_case_BrokenLinks@4b45a2f5]" started-at="2023-04-25T00:29:39 IST" name="Test_link_Responce_check" description="To test the correct links Number" data-provider="Links" finished-at="2023-04-25T00:30:15 IST" duration-ms="36289" status="PASS">
          <params>
            <param index="0">
              <value>
                <![CDATA[SoftwareDevelopment_Page]]>
              </value>
            </param>
            <param index="1">
              <value>
                <![CDATA[https://magicminds.io/software-development/]]>
              </value>
            </param>
            <param index="2">
              <value>
                <![CDATA[Chrome]]>
              </value>
            </param>
          </params>
          <reporter-output>
          </reporter-output>
        </test-method> <!-- Test_link_Responce_check -->
        <test-method is-config="true" signature="teardown()[pri:0, instance:Test_Package.Test_case_BrokenLinks@4b45a2f5]" started-at="2023-04-25T00:30:15 IST" name="teardown" finished-at="2023-04-25T00:30:15 IST" duration-ms="62" status="PASS">
          <reporter-output>
          </reporter-output>
        </test-method> <!-- teardown -->
        <test-method signature="Test_link_Responce_check(java.lang.String,java.lang.String,java.lang.String)[pri:4, instance:Test_Package.Test_case_BrokenLinks@4b45a2f5]" started-at="2023-04-25T00:30:15 IST" name="Test_link_Responce_check" description="To test the correct links Number" data-provider="Links" finished-at="2023-04-25T00:30:49 IST" duration-ms="34012" status="PASS">
          <params>
            <param index="0">
              <value>
                <![CDATA[StaffAugmentation_Page]]>
              </value>
            </param>
            <param index="1">
              <value>
                <![CDATA[https://magicminds.io/staff-augmentation/]]>
              </value>
            </param>
            <param index="2">
              <value>
                <![CDATA[Chrome]]>
              </value>
            </param>
          </params>
          <reporter-output>
          </reporter-output>
        </test-method> <!-- Test_link_Responce_check -->
        <test-method is-config="true" signature="teardown()[pri:0, instance:Test_Package.Test_case_BrokenLinks@4b45a2f5]" started-at="2023-04-25T00:30:49 IST" name="teardown" finished-at="2023-04-25T00:30:50 IST" duration-ms="94" status="PASS">
          <reporter-output>
          </reporter-output>
        </test-method> <!-- teardown -->
        <test-method signature="Test_link_Responce_check(java.lang.String,java.lang.String,java.lang.String)[pri:4, instance:Test_Package.Test_case_BrokenLinks@4b45a2f5]" started-at="2023-04-25T00:30:50 IST" name="Test_link_Responce_check" description="To test the correct links Number" data-provider="Links" finished-at="2023-04-25T00:31:23 IST" duration-ms="33601" status="PASS">
          <params>
            <param index="0">
              <value>
                <![CDATA[Contact_Page]]>
              </value>
            </param>
            <param index="1">
              <value>
                <![CDATA[https://magicminds.io/contact/]]>
              </value>
            </param>
            <param index="2">
              <value>
                <![CDATA[Chrome]]>
              </value>
            </param>
          </params>
          <reporter-output>
          </reporter-output>
        </test-method> <!-- Test_link_Responce_check -->
        <test-method is-config="true" signature="teardown()[pri:0, instance:Test_Package.Test_case_BrokenLinks@4b45a2f5]" started-at="2023-04-25T00:31:23 IST" name="teardown" finished-at="2023-04-25T00:31:23 IST" duration-ms="117" status="PASS">
          <reporter-output>
          </reporter-output>
        </test-method> <!-- teardown -->
      </class> <!-- Test_Package.Test_case_BrokenLinks -->
    </test> <!-- Test -->
  </suite> <!-- Suite -->
</testng-results>
