<?xml version="1.0" encoding="UTF-8"?>
<!-- Generated by org.testng.reporters.JUnitXMLReporter -->
<testsuite ignored="2" hostname="DESKTOP-0Q2F0AL" failures="0" tests="12" name="Test" time="307.236" errors="0" timestamp="2023-04-25T00:31:23 IST">
  <testcase classname="Test_Package.Test_case_BrokenLinks" name="Test_href_Number_check" time="12.845"/>
  <testcase classname="Test_Package.Test_case_BrokenLinks" name="Test_href_Number_check" time="7.978"/>
  <testcase classname="Test_Package.Test_case_BrokenLinks" name="Test_href_Number_check" time="7.408"/>
  <testcase classname="Test_Package.Test_case_BrokenLinks" name="Test_href_Number_check" time="6.293"/>
  <testcase classname="Test_Package.Test_case_BrokenLinks" name="Test_href_Number_check" time="7.291"/>
  <testcase classname="Test_Package.Test_case_BrokenLinks" name="Test_href_Number_check" time="6.252"/>
  <testcase classname="Test_Package.Test_case_BrokenLinks" name="Test_link_Responce_check" time="79.092"/>
  <testcase classname="Test_Package.Test_case_BrokenLinks" name="Test_link_Responce_check" time="32.08"/>
  <testcase classname="Test_Package.Test_case_BrokenLinks" name="Test_link_Responce_check" time="41.656"/>
  <testcase classname="Test_Package.Test_case_BrokenLinks" name="Test_link_Responce_check" time="36.289"/>
  <testcase classname="Test_Package.Test_case_BrokenLinks" name="Test_link_Responce_check" time="34.012"/>
  <testcase classname="Test_Package.Test_case_BrokenLinks" name="Test_link_Responce_check" time="33.601"/>
  <testcase classname="Test_Package.Test_case_BrokenLinks" name="Test_link_Number_check" time="0.0">
    <ignored/>
  </testcase> <!-- Test_link_Number_check -->
  <testcase classname="Test_Package.Test_case_BrokenLinks" name="Test_Image_Number_check" time="0.0">
    <ignored/>
  </testcase> <!-- Test_Image_Number_check -->
</testsuite> <!-- Test -->
