<?xml version="1.0" encoding="UTF-8"?>
<!-- Generated by org.testng.reporters.JUnitXMLReporter -->
<testsuite ignored="3" hostname="DESKTOP-0Q2F0AL" failures="2" tests="48" name="Test" time="2005.409" errors="0" timestamp="2023-04-28T21:03:30 IST">
  <testcase classname="Test_Package.Test_case_BrokenLinks" name="Test_link_Responce_check" time="64.166">
    <failure type="java.net.ConnectException" message="Connection timed out: connect">
      <![CDATA[java.net.ConnectException: Connection timed out: connect
at java.base/sun.nio.ch.Net.connect0(Native Method)
at java.base/sun.nio.ch.Net.connect(Net.java:579)
at java.base/sun.nio.ch.Net.connect(Net.java:568)
at java.base/sun.nio.ch.NioSocketImpl.connect(NioSocketImpl.java:588)
at java.base/java.net.SocksSocketImpl.connect(SocksSocketImpl.java:327)
at java.base/java.net.Socket.connect(Socket.java:633)
at java.base/sun.security.ssl.SSLSocketImpl.connect(SSLSocketImpl.java:304)
at java.base/sun.security.ssl.BaseSSLSocketImpl.connect(BaseSSLSocketImpl.java:174)
at java.base/sun.net.NetworkClient.doConnect(NetworkClient.java:183)
at java.base/sun.net.www.http.HttpClient.openServer(HttpClient.java:531)
at java.base/sun.net.www.http.HttpClient.openServer(HttpClient.java:636)
at java.base/sun.net.www.protocol.https.HttpsClient.<init>(HttpsClient.java:266)
at java.base/sun.net.www.protocol.https.HttpsClient.New(HttpsClient.java:380)
at java.base/sun.net.www.protocol.https.AbstractDelegateHttpsURLConnection.getNewHttpClient(AbstractDelegateHttpsURLConnection.java:193)
at java.base/sun.net.www.protocol.http.HttpURLConnection.plainConnect0(HttpURLConnection.java:1242)
at java.base/sun.net.www.protocol.http.HttpURLConnection.plainConnect(HttpURLConnection.java:1128)
at java.base/sun.net.www.protocol.https.AbstractDelegateHttpsURLConnection.connect(AbstractDelegateHttpsURLConnection.java:179)
at java.base/sun.net.www.protocol.https.HttpsURLConnectionImpl.connect(HttpsURLConnectionImpl.java:142)
at Test_Package.Test_case_BrokenLinks.Test_link_Responce_check(Test_case_BrokenLinks.java:143)
at java.base/java.util.ArrayList.forEach(ArrayList.java:1511)
... Removed 27 stack frames]]>
    </failure>
  </testcase> <!-- Test_link_Responce_check -->
  <testcase classname="Test_Package.Test_case_BrokenLinks" name="Test_link_Responce_check" time="41.465"/>
  <testcase classname="Test_Package.Test_case_BrokenLinks" name="Test_link_Responce_check" time="44.475"/>
  <testcase classname="Test_Package.Test_case_BrokenLinks" name="Test_link_Responce_check" time="40.516"/>
  <testcase classname="Test_Package.Test_case_BrokenLinks" name="Test_link_Responce_check" time="39.508"/>
  <testcase classname="Test_Package.Test_case_BrokenLinks" name="Test_link_Responce_check" time="39.505"/>
  <testcase classname="Test_Package.Test_case_BrokenLinks" name="Test_link_Responce_check" time="38.227"/>
  <testcase classname="Test_Package.Test_case_BrokenLinks" name="Test_link_Responce_check" time="39.211"/>
  <testcase classname="Test_Package.Test_case_BrokenLinks" name="Test_link_Responce_check" time="36.969"/>
  <testcase classname="Test_Package.Test_case_BrokenLinks" name="Test_link_Responce_check" time="37.319"/>
  <testcase classname="Test_Package.Test_case_BrokenLinks" name="Test_link_Responce_check" time="78.512"/>
  <testcase classname="Test_Package.Test_case_BrokenLinks" name="Test_link_Responce_check" time="40.656"/>
  <testcase classname="Test_Package.Test_case_BrokenLinks" name="Test_link_Responce_check" time="45.851"/>
  <testcase classname="Test_Package.Test_case_BrokenLinks" name="Test_link_Responce_check" time="36.5"/>
  <testcase classname="Test_Package.Test_case_BrokenLinks" name="Test_link_Responce_check" time="45.218"/>
  <testcase classname="Test_Package.Test_case_BrokenLinks" name="Test_link_Responce_check" time="39.504"/>
  <testcase classname="Test_Package.Test_case_BrokenLinks" name="Test_link_Responce_check" time="35.874"/>
  <testcase classname="Test_Package.Test_case_BrokenLinks" name="Test_link_Responce_check" time="36.009"/>
  <testcase classname="Test_Package.Test_case_BrokenLinks" name="Test_link_Responce_check" time="33.626"/>
  <testcase classname="Test_Package.Test_case_BrokenLinks" name="Test_link_Responce_check" time="34.121"/>
  <testcase classname="Test_Package.Test_case_BrokenLinks" name="Test_link_Responce_check" time="35.105"/>
  <testcase classname="Test_Package.Test_case_BrokenLinks" name="Test_link_Responce_check" time="33.734"/>
  <testcase classname="Test_Package.Test_case_BrokenLinks" name="Test_link_Responce_check" time="74.139"/>
  <testcase classname="Test_Package.Test_case_BrokenLinks" name="Test_link_Responce_check" time="34.801"/>
  <testcase classname="Test_Package.Test_case_BrokenLinks" name="Test_link_Responce_check" time="54.237">
    <failure type="java.net.ConnectException" message="Connection timed out: connect">
      <![CDATA[java.net.ConnectException: Connection timed out: connect
at java.base/sun.nio.ch.Net.connect0(Native Method)
at java.base/sun.nio.ch.Net.connect(Net.java:579)
at java.base/sun.nio.ch.Net.connect(Net.java:568)
at java.base/sun.nio.ch.NioSocketImpl.connect(NioSocketImpl.java:588)
at java.base/java.net.SocksSocketImpl.connect(SocksSocketImpl.java:327)
at java.base/java.net.Socket.connect(Socket.java:633)
at java.base/sun.security.ssl.SSLSocketImpl.connect(SSLSocketImpl.java:304)
at java.base/sun.security.ssl.BaseSSLSocketImpl.connect(BaseSSLSocketImpl.java:174)
at java.base/sun.net.NetworkClient.doConnect(NetworkClient.java:183)
at java.base/sun.net.www.http.HttpClient.openServer(HttpClient.java:531)
at java.base/sun.net.www.http.HttpClient.openServer(HttpClient.java:636)
at java.base/sun.net.www.protocol.https.HttpsClient.<init>(HttpsClient.java:266)
at java.base/sun.net.www.protocol.https.HttpsClient.New(HttpsClient.java:380)
at java.base/sun.net.www.protocol.https.AbstractDelegateHttpsURLConnection.getNewHttpClient(AbstractDelegateHttpsURLConnection.java:193)
at java.base/sun.net.www.protocol.http.HttpURLConnection.plainConnect0(HttpURLConnection.java:1242)
at java.base/sun.net.www.protocol.http.HttpURLConnection.plainConnect(HttpURLConnection.java:1128)
at java.base/sun.net.www.protocol.https.AbstractDelegateHttpsURLConnection.connect(AbstractDelegateHttpsURLConnection.java:179)
at java.base/sun.net.www.protocol.https.HttpsURLConnectionImpl.connect(HttpsURLConnectionImpl.java:142)
at Test_Package.Test_case_BrokenLinks.Test_link_Responce_check(Test_case_BrokenLinks.java:143)
at java.base/java.util.ArrayList.forEach(ArrayList.java:1511)
... Removed 26 stack frames]]>
    </failure>
  </testcase> <!-- Test_link_Responce_check -->
  <testcase classname="Test_Package.Test_case_BrokenLinks" name="Test_link_Responce_check" time="36.968"/>
  <testcase classname="Test_Package.Test_case_BrokenLinks" name="Test_link_Responce_check" time="41.009"/>
  <testcase classname="Test_Package.Test_case_BrokenLinks" name="Test_link_Responce_check" time="36.994"/>
  <testcase classname="Test_Package.Test_case_BrokenLinks" name="Test_link_Responce_check" time="36.101"/>
  <testcase classname="Test_Package.Test_case_BrokenLinks" name="Test_link_Responce_check" time="37.994"/>
  <testcase classname="Test_Package.Test_case_BrokenLinks" name="Test_link_Responce_check" time="37.883"/>
  <testcase classname="Test_Package.Test_case_BrokenLinks" name="Test_link_Responce_check" time="40.124"/>
  <testcase classname="Test_Package.Test_case_BrokenLinks" name="Test_link_Responce_check" time="37.495"/>
  <testcase classname="Test_Package.Test_case_BrokenLinks" name="Test_link_Responce_check" time="36.91"/>
  <testcase classname="Test_Package.Test_case_BrokenLinks" name="Test_link_Responce_check" time="76.592"/>
  <testcase classname="Test_Package.Test_case_BrokenLinks" name="Test_link_Responce_check" time="36.788"/>
  <testcase classname="Test_Package.Test_case_BrokenLinks" name="Test_link_Responce_check" time="43.747"/>
  <testcase classname="Test_Package.Test_case_BrokenLinks" name="Test_link_Responce_check" time="33.378"/>
  <testcase classname="Test_Package.Test_case_BrokenLinks" name="Test_link_Responce_check" time="37.612"/>
  <testcase classname="Test_Package.Test_case_BrokenLinks" name="Test_link_Responce_check" time="38.483"/>
  <testcase classname="Test_Package.Test_case_BrokenLinks" name="Test_link_Responce_check" time="32.98"/>
  <testcase classname="Test_Package.Test_case_BrokenLinks" name="Test_link_Responce_check" time="32.886"/>
  <testcase classname="Test_Package.Test_case_BrokenLinks" name="Test_link_Responce_check" time="32.715"/>
  <testcase classname="Test_Package.Test_case_BrokenLinks" name="Test_link_Responce_check" time="33.09"/>
  <testcase classname="Test_Package.Test_case_BrokenLinks" name="Test_link_Responce_check" time="33.358"/>
  <testcase classname="Test_Package.Test_case_BrokenLinks" name="Test_link_Responce_check" time="33.442"/>
  <testcase classname="Test_Package.Test_case_BrokenLinks" name="Test_link_Responce_check" time="75.765"/>
  <testcase classname="Test_Package.Test_case_BrokenLinks" name="Test_link_Responce_check" time="33.126"/>
  <testcase classname="Test_Package.Test_case_BrokenLinks" name="Test_href_Number_check" time="0.0">
    <ignored/>
  </testcase> <!-- Test_href_Number_check -->
  <testcase classname="Test_Package.Test_case_BrokenLinks" name="Test_link_Number_check" time="0.0">
    <ignored/>
  </testcase> <!-- Test_link_Number_check -->
  <testcase classname="Test_Package.Test_case_BrokenLinks" name="Test_Image_Number_check" time="0.0">
    <ignored/>
  </testcase> <!-- Test_Image_Number_check -->
</testsuite> <!-- Test -->
